2019-06-20 15:56:21,025 [INFO] from application in play-dev-mode-akka.actor.default-dispatcher-6 - ApplicationTimer demo: Starting application at 2019-06-20T20:56:21.025Z
2019-06-20 15:56:21,243 [INFO] from play.api.http.EnabledFilters in play-dev-mode-akka.actor.default-dispatcher-6 - Enabled Filters (see <https://www.playframework.com/documentation/latest/Filters>):

    play.filters.csrf.CSRFFilter
    play.filters.headers.SecurityHeadersFilter
    play.filters.hosts.AllowedHostsFilter
    filters.ExampleFilter

2019-06-20 15:56:21,462 [INFO] from play.api.Play in play-dev-mode-akka.actor.default-dispatcher-6 - Application started (Dev) (no global state)
2019-06-20 15:56:21,774 [WARN] from play.api.mvc.DefaultJWTCookieDataCodec in application-akka.actor.default-dispatcher-7 - decode: cookie has invalid signature! message = JWT signature does not match locally computed signature. JWT validity cannot be asserted and should not be trusted.
2019-06-20 15:56:21,774 [INFO] from play.api.mvc.DefaultJWTCookieDataCodec in application-akka.actor.default-dispatcher-7 - The JWT signature in the cookie does not match the locally computed signature with the server. This usually indicates the browser has a leftover cookie from another Play application, so clearing cookies may resolve this error message.
2019-06-20 16:00:27,058 [INFO] from application in application-akka.actor.default-dispatcher-3 - ApplicationTimer demo: Stopping application at 2019-06-20T21:00:27.058Z after 246s.
2019-06-20 16:00:27,370 [INFO] from application in play-dev-mode-akka.actor.default-dispatcher-9 - ApplicationTimer demo: Starting application at 2019-06-20T21:00:27.370Z
2019-06-20 16:00:27,495 [INFO] from play.api.http.EnabledFilters in play-dev-mode-akka.actor.default-dispatcher-9 - Enabled Filters (see <https://www.playframework.com/documentation/latest/Filters>):

    play.filters.csrf.CSRFFilter
    play.filters.headers.SecurityHeadersFilter
    play.filters.hosts.AllowedHostsFilter
    filters.ExampleFilter

2019-06-20 16:00:27,511 [INFO] from play.api.Play in play-dev-mode-akka.actor.default-dispatcher-9 - Application started (Dev) (no global state)
2019-06-20 16:00:27,527 [WARN] from play.api.mvc.DefaultJWTCookieDataCodec in application-akka.actor.default-dispatcher-8 - decode: cookie has invalid signature! message = JWT signature does not match locally computed signature. JWT validity cannot be asserted and should not be trusted.
2019-06-20 16:00:27,527 [INFO] from play.api.mvc.DefaultJWTCookieDataCodec in application-akka.actor.default-dispatcher-8 - The JWT signature in the cookie does not match the locally computed signature with the server. This usually indicates the browser has a leftover cookie from another Play application, so clearing cookies may resolve this error message.
2019-06-20 16:01:26,654 [INFO] from application in application-akka.actor.default-dispatcher-5 - ApplicationTimer demo: Stopping application at 2019-06-20T21:01:26.654Z after 59s.
2019-06-20 16:01:26,870 [INFO] from application in play-dev-mode-akka.actor.default-dispatcher-11 - ApplicationTimer demo: Starting application at 2019-06-20T21:01:26.870Z
2019-06-20 16:01:26,986 [INFO] from play.api.http.EnabledFilters in play-dev-mode-akka.actor.default-dispatcher-11 - Enabled Filters (see <https://www.playframework.com/documentation/latest/Filters>):

    play.filters.csrf.CSRFFilter
    play.filters.headers.SecurityHeadersFilter
    play.filters.hosts.AllowedHostsFilter
    filters.ExampleFilter

2019-06-20 16:01:27,001 [INFO] from play.api.Play in play-dev-mode-akka.actor.default-dispatcher-11 - Application started (Dev) (no global state)
2019-06-20 16:01:27,017 [WARN] from play.api.mvc.DefaultJWTCookieDataCodec in application-akka.actor.default-dispatcher-4 - decode: cookie has invalid signature! message = JWT signature does not match locally computed signature. JWT validity cannot be asserted and should not be trusted.
2019-06-20 16:01:27,017 [INFO] from play.api.mvc.DefaultJWTCookieDataCodec in application-akka.actor.default-dispatcher-4 - The JWT signature in the cookie does not match the locally computed signature with the server. This usually indicates the browser has a leftover cookie from another Play application, so clearing cookies may resolve this error message.
2019-06-20 16:04:39,863 [INFO] from application in application-akka.actor.default-dispatcher-6 - ApplicationTimer demo: Stopping application at 2019-06-20T21:04:39.863Z after 193s.
2019-06-20 16:04:40,098 [INFO] from application in play-dev-mode-akka.actor.default-dispatcher-9 - ApplicationTimer demo: Starting application at 2019-06-20T21:04:40.098Z
2019-06-20 16:04:40,207 [INFO] from play.api.http.EnabledFilters in play-dev-mode-akka.actor.default-dispatcher-9 - Enabled Filters (see <https://www.playframework.com/documentation/latest/Filters>):

    play.filters.csrf.CSRFFilter
    play.filters.headers.SecurityHeadersFilter
    play.filters.hosts.AllowedHostsFilter
    filters.ExampleFilter

2019-06-20 16:04:40,223 [INFO] from play.api.Play in play-dev-mode-akka.actor.default-dispatcher-9 - Application started (Dev) (no global state)
2019-06-20 16:04:40,223 [WARN] from play.api.mvc.DefaultJWTCookieDataCodec in application-akka.actor.default-dispatcher-4 - decode: cookie has invalid signature! message = JWT signature does not match locally computed signature. JWT validity cannot be asserted and should not be trusted.
2019-06-20 16:04:40,238 [INFO] from play.api.mvc.DefaultJWTCookieDataCodec in application-akka.actor.default-dispatcher-4 - The JWT signature in the cookie does not match the locally computed signature with the server. This usually indicates the browser has a leftover cookie from another Play application, so clearing cookies may resolve this error message.
2019-06-20 16:04:41,591 [WARN] from play.api.mvc.DefaultJWTCookieDataCodec in application-akka.actor.default-dispatcher-4 - decode: cookie has invalid signature! message = JWT signature does not match locally computed signature. JWT validity cannot be asserted and should not be trusted.
2019-06-20 16:04:41,591 [INFO] from play.api.mvc.DefaultJWTCookieDataCodec in application-akka.actor.default-dispatcher-4 - The JWT signature in the cookie does not match the locally computed signature with the server. This usually indicates the browser has a leftover cookie from another Play application, so clearing cookies may resolve this error message.
2019-06-20 16:04:41,607 [WARN] from play.filters.CSRF in application-akka.actor.default-dispatcher-4 - [CSRF] Check failed because no token found in headers for /
2019-06-20 16:11:10,006 [INFO] from application in application-akka.actor.default-dispatcher-8 - ApplicationTimer demo: Stopping application at 2019-06-20T21:11:10.006Z after 390s.
2019-06-20 16:11:10,256 [INFO] from application in play-dev-mode-akka.actor.default-dispatcher-15 - ApplicationTimer demo: Starting application at 2019-06-20T21:11:10.256Z
2019-06-20 16:11:10,365 [INFO] from play.api.http.EnabledFilters in play-dev-mode-akka.actor.default-dispatcher-15 - Enabled Filters (see <https://www.playframework.com/documentation/latest/Filters>):

    play.filters.csrf.CSRFFilter
    play.filters.headers.SecurityHeadersFilter
    play.filters.hosts.AllowedHostsFilter
    filters.ExampleFilter

2019-06-20 16:11:10,381 [INFO] from play.api.Play in play-dev-mode-akka.actor.default-dispatcher-15 - Application started (Dev) (no global state)
2019-06-20 16:13:42,831 [ERROR] from application in play-dev-mode-akka.actor.default-dispatcher-18 - 

! @7c99f12oi - Internal server error, for (GET) [/] ->
 
play.sbt.PlayExceptions$CompilationException: Compilation error[no arguments allowed for nullary method postGameStart: ()play.mvc.Result]
	at play.sbt.PlayExceptions$CompilationException$.apply(PlayExceptions.scala:37)
	at play.sbt.PlayExceptions$CompilationException$.apply(PlayExceptions.scala:37)
	at scala.Option.map(Option.scala:146)
	at play.sbt.run.PlayReload$.$anonfun$taskFailureHandler$1(PlayReload.scala:41)
	at scala.Option.map(Option.scala:146)
	at play.sbt.run.PlayReload$.taskFailureHandler(PlayReload.scala:36)
	at play.sbt.run.PlayReload$.compileFailure(PlayReload.scala:29)
	at play.sbt.run.PlayReload$.$anonfun$compile$3(PlayReload.scala:64)
	at scala.util.Either$LeftProjection.map(Either.scala:569)
	at play.sbt.run.PlayReload$.compile(PlayReload.scala:64)
	at play.sbt.run.PlayRun$.$anonfun$playRunTask$4(PlayRun.scala:80)
	at play.runsupport.Reloader.$anonfun$reload$1(Reloader.scala:501)
	at play.runsupport.Reloader$$anon$1.run(Reloader.scala:58)
	at java.security.AccessController.doPrivileged(Native Method)
	at play.runsupport.Reloader$.play$runsupport$Reloader$$withReloaderContextClassLoader(Reloader.scala:64)
	at play.runsupport.Reloader.reload(Reloader.scala:501)
	at play.core.server.DevServerStart$$anon$1.get(DevServerStart.scala:143)
	at play.core.server.AkkaHttpServer.handleRequest(AkkaHttpServer.scala:304)
	at play.core.server.AkkaHttpServer.$anonfun$createServerBinding$1(AkkaHttpServer.scala:189)
	at akka.stream.impl.fusing.MapAsync$$anon$30.onPush(Ops.scala:1262)
	at akka.stream.impl.fusing.GraphInterpreter.processPush(GraphInterpreter.scala:523)
	at akka.stream.impl.fusing.GraphInterpreter.execute(GraphInterpreter.scala:409)
	at akka.stream.impl.fusing.GraphInterpreterShell.runBatch(ActorGraphInterpreter.scala:599)
	at akka.stream.impl.fusing.GraphInterpreterShell$AsyncInput.execute(ActorGraphInterpreter.scala:480)
	at akka.stream.impl.fusing.GraphInterpreterShell.processEvent(ActorGraphInterpreter.scala:574)
	at akka.stream.impl.fusing.ActorGraphInterpreter.akka$stream$impl$fusing$ActorGraphInterpreter$$processEvent(ActorGraphInterpreter.scala:742)
	at akka.stream.impl.fusing.ActorGraphInterpreter$$anonfun$receive$1.applyOrElse(ActorGraphInterpreter.scala:757)
	at akka.actor.Actor.aroundReceive(Actor.scala:539)
	at akka.actor.Actor.aroundReceive$(Actor.scala:537)
	at akka.stream.impl.fusing.ActorGraphInterpreter.aroundReceive(ActorGraphInterpreter.scala:664)
	at akka.actor.ActorCell.receiveMessage(ActorCell.scala:610)
	at akka.actor.ActorCell.invoke(ActorCell.scala:579)
	at akka.dispatch.Mailbox.processMailbox(Mailbox.scala:268)
	at akka.dispatch.Mailbox.run(Mailbox.scala:229)
	at akka.dispatch.Mailbox.exec(Mailbox.scala:241)
	at akka.dispatch.forkjoin.ForkJoinTask.doExec(ForkJoinTask.java:260)
	at akka.dispatch.forkjoin.ForkJoinPool$WorkQueue.runTask(ForkJoinPool.java:1339)
	at akka.dispatch.forkjoin.ForkJoinPool.runWorker(ForkJoinPool.java:1979)
	at akka.dispatch.forkjoin.ForkJoinWorkerThread.run(ForkJoinWorkerThread.java:107)
2019-06-20 16:14:16,141 [INFO] from application in application-akka.actor.default-dispatcher-8 - ApplicationTimer demo: Stopping application at 2019-06-20T21:14:16.141Z after 186s.
2019-06-20 16:14:16,329 [INFO] from application in play-dev-mode-akka.actor.default-dispatcher-18 - ApplicationTimer demo: Starting application at 2019-06-20T21:14:16.329Z
2019-06-20 16:14:16,438 [INFO] from play.api.http.EnabledFilters in play-dev-mode-akka.actor.default-dispatcher-18 - Enabled Filters (see <https://www.playframework.com/documentation/latest/Filters>):

    play.filters.csrf.CSRFFilter
    play.filters.headers.SecurityHeadersFilter
    play.filters.hosts.AllowedHostsFilter
    filters.ExampleFilter

2019-06-20 16:14:16,454 [INFO] from play.api.Play in play-dev-mode-akka.actor.default-dispatcher-18 - Application started (Dev) (no global state)
2019-06-20 16:21:34,101 [INFO] from application in application-akka.actor.default-dispatcher-7 - ApplicationTimer demo: Stopping application at 2019-06-20T21:21:34.101Z after 438s.
2019-06-20 16:21:34,302 [INFO] from application in play-dev-mode-akka.actor.default-dispatcher-24 - ApplicationTimer demo: Starting application at 2019-06-20T21:21:34.302Z
2019-06-20 16:21:34,433 [INFO] from play.api.http.EnabledFilters in play-dev-mode-akka.actor.default-dispatcher-24 - Enabled Filters (see <https://www.playframework.com/documentation/latest/Filters>):

    play.filters.csrf.CSRFFilter
    play.filters.headers.SecurityHeadersFilter
    play.filters.hosts.AllowedHostsFilter
    filters.ExampleFilter

2019-06-20 16:21:34,440 [INFO] from play.api.Play in play-dev-mode-akka.actor.default-dispatcher-24 - Application started (Dev) (no global state)
2019-06-20 16:22:40,956 [INFO] from application in application-akka.actor.default-dispatcher-3 - ApplicationTimer demo: Stopping application at 2019-06-20T21:22:40.956Z after 66s.
2019-06-20 16:22:41,143 [INFO] from application in play-dev-mode-akka.actor.default-dispatcher-25 - ApplicationTimer demo: Starting application at 2019-06-20T21:22:41.143Z
2019-06-20 16:22:41,237 [INFO] from play.api.http.EnabledFilters in play-dev-mode-akka.actor.default-dispatcher-25 - Enabled Filters (see <https://www.playframework.com/documentation/latest/Filters>):

    play.filters.csrf.CSRFFilter
    play.filters.headers.SecurityHeadersFilter
    play.filters.hosts.AllowedHostsFilter
    filters.ExampleFilter

2019-06-20 16:22:41,253 [INFO] from play.api.Play in play-dev-mode-akka.actor.default-dispatcher-25 - Application started (Dev) (no global state)
2019-06-20 16:23:19,497 [INFO] from application in application-akka.actor.default-dispatcher-2 - ApplicationTimer demo: Stopping application at 2019-06-20T21:23:19.497Z after 38s.
2019-06-20 16:23:19,669 [INFO] from application in play-dev-mode-akka.actor.default-dispatcher-27 - ApplicationTimer demo: Starting application at 2019-06-20T21:23:19.669Z
2019-06-20 16:23:19,762 [INFO] from play.api.http.EnabledFilters in play-dev-mode-akka.actor.default-dispatcher-27 - Enabled Filters (see <https://www.playframework.com/documentation/latest/Filters>):

    play.filters.csrf.CSRFFilter
    play.filters.headers.SecurityHeadersFilter
    play.filters.hosts.AllowedHostsFilter
    filters.ExampleFilter

2019-06-20 16:23:19,778 [INFO] from play.api.Play in play-dev-mode-akka.actor.default-dispatcher-27 - Application started (Dev) (no global state)
2019-06-20 16:27:22,370 [INFO] from application in application-akka.actor.default-dispatcher-2 - ApplicationTimer demo: Stopping application at 2019-06-20T21:27:22.370Z after 243s.
2019-06-20 16:27:22,510 [INFO] from application in play-dev-mode-akka.actor.default-dispatcher-31 - ApplicationTimer demo: Starting application at 2019-06-20T21:27:22.510Z
2019-06-20 16:27:22,620 [INFO] from play.api.http.EnabledFilters in play-dev-mode-akka.actor.default-dispatcher-31 - Enabled Filters (see <https://www.playframework.com/documentation/latest/Filters>):

    play.filters.csrf.CSRFFilter
    play.filters.headers.SecurityHeadersFilter
    play.filters.hosts.AllowedHostsFilter
    filters.ExampleFilter

2019-06-20 16:27:22,635 [INFO] from play.api.Play in play-dev-mode-akka.actor.default-dispatcher-31 - Application started (Dev) (no global state)
2019-06-20 16:27:28,776 [WARN] from play.filters.CSRF in play-dev-mode-akka.actor.default-dispatcher-33 - [CSRF] Check failed because no or invalid token found in body for /calm
2019-06-20 16:27:28,792 [WARN] from play.filters.CSRF in play-dev-mode-akka.actor.default-dispatcher-33 - [CSRF] Check failed with NoTokenInBody for /calm
2019-06-20 16:27:31,621 [WARN] from play.filters.CSRF in play-dev-mode-akka.actor.default-dispatcher-26 - [CSRF] Check failed because no or invalid token found in body for /runfromcottage
2019-06-20 16:27:31,621 [WARN] from play.filters.CSRF in play-dev-mode-akka.actor.default-dispatcher-26 - [CSRF] Check failed with NoTokenInBody for /runfromcottage
2019-06-20 16:27:51,679 [WARN] from play.filters.CSRF in play-dev-mode-akka.actor.default-dispatcher-26 - [CSRF] Check failed because no or invalid token found in body for /runfromcottage
2019-06-20 16:27:51,679 [WARN] from play.filters.CSRF in play-dev-mode-akka.actor.default-dispatcher-26 - [CSRF] Check failed with NoTokenInBody for /runfromcottage
2019-06-20 16:29:17,600 [ERROR] from application in play-dev-mode-akka.actor.default-dispatcher-34 - 

! @7c99h27m9 - Internal server error, for (GET) [/] ->
 
play.sbt.PlayExceptions$CompilationException: Compilation error[ error: method render in class Cottage cannot be applied to given types;]
	at play.sbt.PlayExceptions$CompilationException$.apply(PlayExceptions.scala:37)
	at play.sbt.PlayExceptions$CompilationException$.apply(PlayExceptions.scala:37)
	at scala.Option.map(Option.scala:146)
	at play.sbt.run.PlayReload$.$anonfun$taskFailureHandler$1(PlayReload.scala:41)
	at scala.Option.map(Option.scala:146)
	at play.sbt.run.PlayReload$.taskFailureHandler(PlayReload.scala:36)
	at play.sbt.run.PlayReload$.compileFailure(PlayReload.scala:29)
	at play.sbt.run.PlayReload$.$anonfun$compile$3(PlayReload.scala:64)
	at scala.util.Either$LeftProjection.map(Either.scala:569)
	at play.sbt.run.PlayReload$.compile(PlayReload.scala:64)
	at play.sbt.run.PlayRun$.$anonfun$playRunTask$4(PlayRun.scala:80)
	at play.runsupport.Reloader.$anonfun$reload$1(Reloader.scala:501)
	at play.runsupport.Reloader$$anon$1.run(Reloader.scala:58)
	at java.security.AccessController.doPrivileged(Native Method)
	at play.runsupport.Reloader$.play$runsupport$Reloader$$withReloaderContextClassLoader(Reloader.scala:64)
	at play.runsupport.Reloader.reload(Reloader.scala:501)
	at play.core.server.DevServerStart$$anon$1.get(DevServerStart.scala:143)
	at play.core.server.AkkaHttpServer.handleRequest(AkkaHttpServer.scala:304)
	at play.core.server.AkkaHttpServer.$anonfun$createServerBinding$1(AkkaHttpServer.scala:189)
	at akka.stream.impl.fusing.MapAsync$$anon$30.onPush(Ops.scala:1262)
	at akka.stream.impl.fusing.GraphInterpreter.processPush(GraphInterpreter.scala:523)
	at akka.stream.impl.fusing.GraphInterpreter.execute(GraphInterpreter.scala:409)
	at akka.stream.impl.fusing.GraphInterpreterShell.runBatch(ActorGraphInterpreter.scala:599)
	at akka.stream.impl.fusing.GraphInterpreterShell$AsyncInput.execute(ActorGraphInterpreter.scala:480)
	at akka.stream.impl.fusing.GraphInterpreterShell.processEvent(ActorGraphInterpreter.scala:574)
	at akka.stream.impl.fusing.ActorGraphInterpreter.akka$stream$impl$fusing$ActorGraphInterpreter$$processEvent(ActorGraphInterpreter.scala:742)
	at akka.stream.impl.fusing.ActorGraphInterpreter$$anonfun$receive$1.applyOrElse(ActorGraphInterpreter.scala:757)
	at akka.actor.Actor.aroundReceive(Actor.scala:539)
	at akka.actor.Actor.aroundReceive$(Actor.scala:537)
	at akka.stream.impl.fusing.ActorGraphInterpreter.aroundReceive(ActorGraphInterpreter.scala:664)
	at akka.actor.ActorCell.receiveMessage(ActorCell.scala:610)
	at akka.actor.ActorCell.invoke(ActorCell.scala:579)
	at akka.dispatch.Mailbox.processMailbox(Mailbox.scala:268)
	at akka.dispatch.Mailbox.run(Mailbox.scala:229)
	at akka.dispatch.Mailbox.exec(Mailbox.scala:241)
	at akka.dispatch.forkjoin.ForkJoinTask.doExec(ForkJoinTask.java:260)
	at akka.dispatch.forkjoin.ForkJoinPool$WorkQueue.runTask(ForkJoinPool.java:1339)
	at akka.dispatch.forkjoin.ForkJoinPool.runWorker(ForkJoinPool.java:1979)
	at akka.dispatch.forkjoin.ForkJoinWorkerThread.run(ForkJoinWorkerThread.java:107)
2019-06-20 16:31:07,744 [INFO] from application in application-akka.actor.default-dispatcher-7 - ApplicationTimer demo: Stopping application at 2019-06-20T21:31:07.744Z after 225s.
2019-06-20 16:31:07,885 [INFO] from application in play-dev-mode-akka.actor.default-dispatcher-39 - ApplicationTimer demo: Starting application at 2019-06-20T21:31:07.885Z
2019-06-20 16:31:08,010 [INFO] from play.api.http.EnabledFilters in play-dev-mode-akka.actor.default-dispatcher-39 - Enabled Filters (see <https://www.playframework.com/documentation/latest/Filters>):

    play.filters.csrf.CSRFFilter
    play.filters.headers.SecurityHeadersFilter
    play.filters.hosts.AllowedHostsFilter
    filters.ExampleFilter

2019-06-20 16:31:08,025 [INFO] from play.api.Play in play-dev-mode-akka.actor.default-dispatcher-39 - Application started (Dev) (no global state)
2019-06-20 16:34:59,148 [INFO] from application in application-akka.actor.default-dispatcher-2 - ApplicationTimer demo: Stopping application at 2019-06-20T21:34:59.148Z after 232s.
2019-06-20 16:34:59,289 [INFO] from application in play-dev-mode-akka.actor.default-dispatcher-44 - ApplicationTimer demo: Starting application at 2019-06-20T21:34:59.289Z
2019-06-20 16:34:59,398 [INFO] from play.api.http.EnabledFilters in play-dev-mode-akka.actor.default-dispatcher-44 - Enabled Filters (see <https://www.playframework.com/documentation/latest/Filters>):

    play.filters.csrf.CSRFFilter
    play.filters.headers.SecurityHeadersFilter
    play.filters.hosts.AllowedHostsFilter
    filters.ExampleFilter

2019-06-20 16:34:59,398 [INFO] from play.api.Play in play-dev-mode-akka.actor.default-dispatcher-44 - Application started (Dev) (no global state)
2019-06-20 16:36:44,823 [INFO] from application in application-akka.actor.default-dispatcher-2 - ApplicationTimer demo: Stopping application at 2019-06-20T21:36:44.823Z after 105s.
2019-06-20 16:36:44,979 [INFO] from application in play-dev-mode-akka.actor.default-dispatcher-46 - ApplicationTimer demo: Starting application at 2019-06-20T21:36:44.979Z
2019-06-20 16:36:45,073 [INFO] from play.api.http.EnabledFilters in play-dev-mode-akka.actor.default-dispatcher-46 - Enabled Filters (see <https://www.playframework.com/documentation/latest/Filters>):

    play.filters.csrf.CSRFFilter
    play.filters.headers.SecurityHeadersFilter
    play.filters.hosts.AllowedHostsFilter
    filters.ExampleFilter

2019-06-20 16:36:45,073 [INFO] from play.api.Play in play-dev-mode-akka.actor.default-dispatcher-46 - Application started (Dev) (no global state)
2019-06-20 16:37:17,784 [INFO] from application in application-akka.actor.default-dispatcher-2 - ApplicationTimer demo: Stopping application at 2019-06-20T21:37:17.784Z after 33s.
2019-06-20 16:37:17,909 [INFO] from application in play-dev-mode-akka.actor.default-dispatcher-45 - ApplicationTimer demo: Starting application at 2019-06-20T21:37:17.909Z
2019-06-20 16:37:18,003 [INFO] from play.api.http.EnabledFilters in play-dev-mode-akka.actor.default-dispatcher-45 - Enabled Filters (see <https://www.playframework.com/documentation/latest/Filters>):

    play.filters.csrf.CSRFFilter
    play.filters.headers.SecurityHeadersFilter
    play.filters.hosts.AllowedHostsFilter
    filters.ExampleFilter

2019-06-20 16:37:18,018 [INFO] from play.api.Play in play-dev-mode-akka.actor.default-dispatcher-45 - Application started (Dev) (no global state)
2019-06-21 09:23:24,183 [INFO] from application in application-akka.actor.default-dispatcher-12 - ApplicationTimer demo: Stopping application at 2019-06-21T14:23:24.183Z after 60367s.
2019-06-21 09:23:24,370 [INFO] from application in play-dev-mode-akka.actor.default-dispatcher-54 - ApplicationTimer demo: Starting application at 2019-06-21T14:23:24.370Z
2019-06-21 09:23:24,479 [INFO] from play.api.http.EnabledFilters in play-dev-mode-akka.actor.default-dispatcher-54 - Enabled Filters (see <https://www.playframework.com/documentation/latest/Filters>):

    play.filters.csrf.CSRFFilter
    play.filters.headers.SecurityHeadersFilter
    play.filters.hosts.AllowedHostsFilter
    filters.ExampleFilter

2019-06-21 09:23:24,479 [INFO] from play.api.Play in play-dev-mode-akka.actor.default-dispatcher-54 - Application started (Dev) (no global state)
2019-06-21 09:23:52,110 [INFO] from application in application-akka.actor.default-dispatcher-4 - ApplicationTimer demo: Stopping application at 2019-06-21T14:23:52.110Z after 28s.
2019-06-21 09:23:52,267 [INFO] from application in play-dev-mode-akka.actor.default-dispatcher-59 - ApplicationTimer demo: Starting application at 2019-06-21T14:23:52.267Z
2019-06-21 09:23:52,360 [INFO] from play.api.http.EnabledFilters in play-dev-mode-akka.actor.default-dispatcher-59 - Enabled Filters (see <https://www.playframework.com/documentation/latest/Filters>):

    play.filters.csrf.CSRFFilter
    play.filters.headers.SecurityHeadersFilter
    play.filters.hosts.AllowedHostsFilter
    filters.ExampleFilter

2019-06-21 09:23:52,360 [INFO] from play.api.Play in play-dev-mode-akka.actor.default-dispatcher-59 - Application started (Dev) (no global state)
2019-06-21 09:29:14,796 [INFO] from application in application-akka.actor.default-dispatcher-9 - ApplicationTimer demo: Stopping application at 2019-06-21T14:29:14.796Z after 322s.
2019-06-21 09:29:14,921 [INFO] from application in play-dev-mode-akka.actor.default-dispatcher-63 - ApplicationTimer demo: Starting application at 2019-06-21T14:29:14.921Z
2019-06-21 09:29:15,014 [INFO] from play.api.http.EnabledFilters in play-dev-mode-akka.actor.default-dispatcher-63 - Enabled Filters (see <https://www.playframework.com/documentation/latest/Filters>):

    play.filters.csrf.CSRFFilter
    play.filters.headers.SecurityHeadersFilter
    play.filters.hosts.AllowedHostsFilter
    filters.ExampleFilter

2019-06-21 09:29:15,014 [INFO] from play.api.Play in play-dev-mode-akka.actor.default-dispatcher-63 - Application started (Dev) (no global state)
2019-06-21 09:30:16,901 [INFO] from application in application-akka.actor.default-dispatcher-8 - ApplicationTimer demo: Stopping application at 2019-06-21T14:30:16.901Z after 62s.
2019-06-21 09:30:17,042 [INFO] from application in play-dev-mode-akka.actor.default-dispatcher-55 - ApplicationTimer demo: Starting application at 2019-06-21T14:30:17.042Z
2019-06-21 09:30:17,120 [INFO] from play.api.http.EnabledFilters in play-dev-mode-akka.actor.default-dispatcher-55 - Enabled Filters (see <https://www.playframework.com/documentation/latest/Filters>):

    play.filters.csrf.CSRFFilter
    play.filters.headers.SecurityHeadersFilter
    play.filters.hosts.AllowedHostsFilter
    filters.ExampleFilter

2019-06-21 09:30:17,120 [INFO] from play.api.Play in play-dev-mode-akka.actor.default-dispatcher-55 - Application started (Dev) (no global state)
2019-06-21 09:30:22,808 [WARN] from play.filters.CSRF in play-dev-mode-akka.actor.default-dispatcher-55 - [CSRF] Check failed because no or invalid token found in body for /runfromcottage
2019-06-21 09:30:22,808 [WARN] from play.filters.CSRF in play-dev-mode-akka.actor.default-dispatcher-55 - [CSRF] Check failed with NoTokenInBody for /runfromcottage
2019-06-21 09:32:46,831 [INFO] from application in application-akka.actor.default-dispatcher-2 - ApplicationTimer demo: Stopping application at 2019-06-21T14:32:46.831Z after 149s.
2019-06-21 09:32:46,940 [INFO] from application in play-dev-mode-akka.actor.default-dispatcher-55 - ApplicationTimer demo: Starting application at 2019-06-21T14:32:46.940Z
2019-06-21 09:32:47,003 [INFO] from play.api.http.EnabledFilters in play-dev-mode-akka.actor.default-dispatcher-55 - Enabled Filters (see <https://www.playframework.com/documentation/latest/Filters>):

    play.filters.csrf.CSRFFilter
    play.filters.headers.SecurityHeadersFilter
    play.filters.hosts.AllowedHostsFilter
    filters.ExampleFilter

2019-06-21 09:32:47,019 [INFO] from play.api.Play in play-dev-mode-akka.actor.default-dispatcher-55 - Application started (Dev) (no global state)
2019-06-21 09:34:07,310 [INFO] from application in application-akka.actor.default-dispatcher-4 - ApplicationTimer demo: Stopping application at 2019-06-21T14:34:07.310Z after 81s.
2019-06-21 09:34:07,426 [INFO] from application in play-dev-mode-akka.actor.default-dispatcher-55 - ApplicationTimer demo: Starting application at 2019-06-21T14:34:07.426Z
2019-06-21 09:34:07,488 [INFO] from play.api.http.EnabledFilters in play-dev-mode-akka.actor.default-dispatcher-55 - Enabled Filters (see <https://www.playframework.com/documentation/latest/Filters>):

    play.filters.csrf.CSRFFilter
    play.filters.headers.SecurityHeadersFilter
    play.filters.hosts.AllowedHostsFilter
    filters.ExampleFilter

2019-06-21 09:34:07,510 [INFO] from play.api.Play in play-dev-mode-akka.actor.default-dispatcher-55 - Application started (Dev) (no global state)
